Traceback (most recent call last):
  File "/opt/hostedtoolcache/Python/3.8.18/x64/lib/python3.8/site-packages/jupyter_cache/executors/utils.py", line 58, in single_nb_execution
    executenb(
  File "/opt/hostedtoolcache/Python/3.8.18/x64/lib/python3.8/site-packages/nbclient/client.py", line 1305, in execute
    return NotebookClient(nb=nb, resources=resources, km=km, **kwargs).execute()
  File "/opt/hostedtoolcache/Python/3.8.18/x64/lib/python3.8/site-packages/jupyter_core/utils/__init__.py", line 165, in wrapped
    return loop.run_until_complete(inner)
  File "/opt/hostedtoolcache/Python/3.8.18/x64/lib/python3.8/asyncio/base_events.py", line 616, in run_until_complete
    return future.result()
  File "/opt/hostedtoolcache/Python/3.8.18/x64/lib/python3.8/site-packages/nbclient/client.py", line 705, in async_execute
    await self.async_execute_cell(
  File "/opt/hostedtoolcache/Python/3.8.18/x64/lib/python3.8/site-packages/nbclient/client.py", line 1058, in async_execute_cell
    await self._check_raise_for_error(cell, cell_index, exec_reply)
  File "/opt/hostedtoolcache/Python/3.8.18/x64/lib/python3.8/site-packages/nbclient/client.py", line 914, in _check_raise_for_error
    raise CellExecutionError.from_cell_and_msg(cell, exec_reply_content)
nbclient.exceptions.CellExecutionError: An error occurred while executing the following cell:
------------------
import requests #è™•ç†è·Ÿç¶²è·¯æœ‰é—œçš„æ±è¥¿
import json     #è³‡æ–™æ ¼å¼
import folium   #äº’å‹•å¼åœ°åœ–æ’ä»¶

#ä¸Šè¿°æ’ä»¶çš†ç‚ºpythonå°ˆç”¨
------------------


[0;31m---------------------------------------------------------------------------[0m
[0;31mModuleNotFoundError[0m                       Traceback (most recent call last)
Cell [0;32mIn[1], line 3[0m
[1;32m      1[0m [38;5;28;01mimport[39;00m [38;5;21;01mrequests[39;00m [38;5;66;03m#è™•ç†è·Ÿç¶²è·¯æœ‰é—œçš„æ±è¥¿[39;00m
[1;32m      2[0m [38;5;28;01mimport[39;00m [38;5;21;01mjson[39;00m     [38;5;66;03m#è³‡æ–™æ ¼å¼[39;00m
[0;32m----> 3[0m [38;5;28;01mimport[39;00m [38;5;21;01mfolium[39;00m   [38;5;66;03m#äº’å‹•å¼åœ°åœ–æ’ä»¶[39;00m
[1;32m      5[0m [38;5;66;03m#ä¸Šè¿°æ’ä»¶çš†ç‚ºpythonå°ˆç”¨[39;00m

[0;31mModuleNotFoundError[0m: No module named 'folium'

